<?xml version="1.0" encoding="UTF-8"?>
<testng-results ignored="0" total="1" passed="1" failed="0" skipped="0">
  <reporter-output>
  </reporter-output>
  <suite started-at="2025-08-30T19:01:37 IST" name="Default suite" finished-at="2025-08-30T19:01:39 IST" duration-ms="2185">
    <groups>
    </groups>
    <test started-at="2025-08-30T19:01:37 IST" name="Default test" finished-at="2025-08-30T19:01:39 IST" duration-ms="2185">
      <class name="com.api.tests.LoginAPITest">
        <test-method signature="loginTest()[pri:0, instance:com.api.tests.LoginAPITest@1a482e36]" started-at="2025-08-30T19:01:37 IST" name="loginTest" description="To verify login api is working" finished-at="2025-08-30T19:01:39 IST" duration-ms="2129" status="PASS">
          <reporter-output>
          </reporter-output>
        </test-method> <!-- loginTest -->
      </class> <!-- com.api.tests.LoginAPITest -->
    </test> <!-- Default test -->
  </suite> <!-- Default suite -->
</testng-results>
