<?xml version="1.0" encoding="UTF-8"?>
<testng-results ignored="0" total="1" passed="1" failed="0" skipped="0">
  <reporter-output>
  </reporter-output>
  <suite started-at="2025-08-17T00:06:50 IST" name="Default suite" finished-at="2025-08-17T00:06:53 IST" duration-ms="2453">
    <groups>
    </groups>
    <test started-at="2025-08-17T00:06:50 IST" name="Default test" finished-at="2025-08-17T00:06:53 IST" duration-ms="2453">
      <class name="com.api.tests.AccountCreationTest">
        <test-method signature="createAccountTest()[pri:0, instance:com.api.tests.AccountCreationTest@9597028]" started-at="2025-08-17T00:06:51 IST" name="createAccountTest" finished-at="2025-08-17T00:06:53 IST" duration-ms="2397" status="PASS">
          <reporter-output>
          </reporter-output>
        </test-method> <!-- createAccountTest -->
      </class> <!-- com.api.tests.AccountCreationTest -->
    </test> <!-- Default test -->
  </suite> <!-- Default suite -->
</testng-results>
